<?xml version="1.0" encoding="UTF-8"?>
<!-- Generated by org.testng.reporters.JUnitXMLReporter -->
<testsuite hostname="THBSMTPLPT-0114" ignored="0" name="Default test" tests="2" failures="0" timestamp="07 Jan 2020 09:45:14 GMT" time="26.037" errors="0">
  <testcase name="getPriceOfIphoneXRYellowFromAmazon" time="5.63" classname="scripts.PriceOfIphoneXR"/>
  <testcase name="getPriceOfIphoneXRYellowFromFlipKart" time="6.303" classname="scripts.PriceOfIphoneXR"/>
</testsuite> <!-- Default test -->
